c:\users\samuel\documents\github\team-project-1-\dbms\dbms\debug\vc120.pdb
c:\users\samuel\documents\github\team-project-1-\dbms\dbms\debug\vc120.idb
c:\users\samuel\documents\github\team-project-1-\dbms\dbms\debug\database.obj
c:\users\samuel\documents\github\team-project-1-\dbms\dbms\debug\entity.obj
c:\users\samuel\documents\github\team-project-1-\dbms\dbms\debug\main.obj
c:\users\samuel\documents\github\team-project-1-\dbms\dbms\debug\parser.obj
c:\users\samuel\documents\github\team-project-1-\dbms\dbms\debug\table.obj
c:\users\samuel\documents\github\team-project-1-\dbms\dbms\debug\tokenizer.obj
c:\users\samuel\documents\github\team-project-1-\dbms\debug\dbms.lib
c:\users\samuel\documents\github\team-project-1-\dbms\debug\dbms.ilk
c:\users\samuel\documents\github\team-project-1-\dbms\debug\dbms.exe
c:\users\samuel\documents\github\team-project-1-\dbms\debug\dbms.pdb
c:\users\samuel\documents\github\team-project-1-\dbms\dbms\debug\dbms.tlog\cl.command.1.tlog
c:\users\samuel\documents\github\team-project-1-\dbms\dbms\debug\dbms.tlog\cl.read.1.tlog
c:\users\samuel\documents\github\team-project-1-\dbms\dbms\debug\dbms.tlog\cl.write.1.tlog
c:\users\samuel\documents\github\team-project-1-\dbms\dbms\debug\dbms.tlog\dbms.write.1u.tlog
c:\users\samuel\documents\github\team-project-1-\dbms\dbms\debug\dbms.tlog\lib-link.read.1.tlog
c:\users\samuel\documents\github\team-project-1-\dbms\dbms\debug\dbms.tlog\lib-link.write.1.tlog
c:\users\samuel\documents\github\team-project-1-\dbms\dbms\debug\dbms.tlog\lib.command.1.tlog
c:\users\samuel\documents\github\team-project-1-\dbms\dbms\debug\dbms.tlog\link.command.1.tlog
c:\users\samuel\documents\github\team-project-1-\dbms\dbms\debug\dbms.tlog\link.read.1.tlog
c:\users\samuel\documents\github\team-project-1-\dbms\dbms\debug\dbms.tlog\link.write.1.tlog
